

*******************************************************************************
Sun Mar 22 13:37:51 2020


FIT:    data read from "1000alto.txt"
        format = z
        #datapoints = 8
        residuals are weighted equally (unit weight)

function used for fitting: f(x)
	f(x)=a+b*x
fitted parameters initialized with current variable values

iter      chisq       delta/lim  lambda   a             b            
   0 2.3177124533e+05   0.00e+00  3.04e+00    1.000000e+00   1.000000e+00
   5 4.3973328571e-01   0.00e+00  3.04e+02    1.745275e+02   4.807143e-02

After 5 iterations the fit converged.
final sum of squares of residuals : 0.439733
rel. change during last iteration : 0

degrees of freedom    (FIT_NDF)                        : 6
rms of residuals      (FIT_STDFIT) = sqrt(WSSR/ndf)    : 0.270719
variance of residuals (reduced chisquare) = WSSR/ndf   : 0.0732889

Final set of parameters            Asymptotic Standard Error
=======================            ==========================
a               = 174.527          +/- 0.1747       (0.1001%)
b               = 0.0480714        +/- 0.04177      (86.9%)

correlation matrix of the fit parameters:
                a      b      
a               1.000 
b              -0.837  1.000 


*******************************************************************************
Sun Mar 22 13:39:03 2020


FIT:    data read from "1000basso.txt"
        format = z
        #datapoints = 8
        residuals are weighted equally (unit weight)

function used for fitting: g(x)
	g(x)=c+d*x
fitted parameters initialized with current variable values

iter      chisq       delta/lim  lambda   c             d            
   0 2.3617280167e+05   0.00e+00  3.04e+00    1.000000e+00   1.000000e+00
   5 8.4225058333e-01  -2.06e-09  3.04e-04    1.761638e+02   4.008333e-02

After 5 iterations the fit converged.
final sum of squares of residuals : 0.842251
rel. change during last iteration : -2.05633e-14

degrees of freedom    (FIT_NDF)                        : 6
rms of residuals      (FIT_STDFIT) = sqrt(WSSR/ndf)    : 0.374667
variance of residuals (reduced chisquare) = WSSR/ndf   : 0.140375

Final set of parameters            Asymptotic Standard Error
=======================            ==========================
c               = 176.164          +/- 0.2418       (0.1373%)
d               = 0.0400833        +/- 0.05781      (144.2%)

correlation matrix of the fit parameters:
                c      d      
c               1.000 
d              -0.837  1.000 
